# JRE version: Java(TM) SE Runtime Environment (8.0_11-b12) (build 1.8.0_11-b12)
# Java VM: Java HotSpot(TM) 64-Bit Server VM (25.11-b03 mixed mode linux-amd64 compressed oops)
Heap:
 PSYoungGen      total 9728K, used 1162K [0x000000076c800000, 0x000000076d300000, 0x00000007c0000000)
  eden space 8192K, 4% used [0x000000076c800000,0x000000076c85d1f0,0x000000076d000000)
  from space 1536K, 51% used [0x000000076d180000,0x000000076d245778,0x000000076d300000)
  to   space 1536K, 0% used [0x000000076d000000,0x000000076d000000,0x000000076d180000)
 ParOldGen       total 256512K, used 1508K [0x00000006c5800000, 0x00000006d5280000, 0x000000076c800000)
  object space 256512K, 0% used [0x00000006c5800000,0x00000006c59791e0,0x00000006d5280000)
 Metaspace       used 7482K, capacity 7656K, committed 7808K, reserved 1056768K
  class space    used 791K, capacity 852K, committed 896K, reserved 1048576K
GC Heap History (10 events):
Event: 0.279 GC heap before
{Heap before GC invocations=4 (full 0):
 PSYoungGen      total 1536K, used 1535K [0x000000076c800000, 0x000000076cb00000, 0x00000007c0000000)
  eden space 1024K, 100% used [0x000000076c800000,0x000000076c900000,0x000000076c900000)
  from space 512K, 99% used [0x000000076c900000,0x000000076c97fc10,0x000000076c980000)
  to   space 512K, 0% used [0x000000076ca80000,0x000000076ca80000,0x000000076cb00000)
 ParOldGen       total 256512K, used 419K [0x00000006c5800000, 0x00000006d5280000, 0x000000076c800000)
  object space 256512K, 0% used [0x00000006c5800000,0x00000006c5868ff8,0x00000006d5280000)
 Metaspace       used 4221K, capacity 5656K, committed 5888K, reserved 1056768K
  class space    used 392K, capacity 456K, committed 512K, reserved 1048576K
Event: 0.280 GC heap after
Heap after GC invocations=4 (full 0):
 PSYoungGen      total 2560K, used 512K [0x000000076c800000, 0x000000076cb00000, 0x00000007c0000000)
  eden space 2048K, 0% used [0x000000076c800000,0x000000076c800000,0x000000076ca00000)
  from space 512K, 100% used [0x000000076ca80000,0x000000076cb00000,0x000000076cb00000)
  to   space 512K, 0% used [0x000000076ca00000,0x000000076ca00000,0x000000076ca80000)
 ParOldGen       total 256512K, used 567K [0x00000006c5800000, 0x00000006d5280000, 0x000000076c800000)
  object space 256512K, 0% used [0x00000006c5800000,0x00000006c588ddf8,0x00000006d5280000)
 Metaspace       used 4221K, capacity 5656K, committed 5888K, reserved 1056768K
  class space    used 392K, capacity 456K, committed 512K, reserved 1048576K
}
Event: 0.490 GC heap before
{Heap before GC invocations=5 (full 0):
 PSYoungGen      total 2560K, used 2560K [0x000000076c800000, 0x000000076cb00000, 0x00000007c0000000)
  eden space 2048K, 100% used [0x000000076c800000,0x000000076ca00000,0x000000076ca00000)
  from space 512K, 100% used [0x000000076ca80000,0x000000076cb00000,0x000000076cb00000)
  to   space 512K, 0% used [0x000000076ca00000,0x000000076ca00000,0x000000076ca80000)
 ParOldGen       total 256512K, used 567K [0x00000006c5800000, 0x00000006d5280000, 0x000000076c800000)
  object space 256512K, 0% used [0x00000006c5800000,0x00000006c588ddf8,0x00000006d5280000)
 Metaspace       used 5982K, capacity 6222K, committed 6272K, reserved 1056768K
  class space    used 608K, capacity 637K, committed 640K, reserved 1048576K
Event: 0.492 GC heap after
Heap after GC invocations=5 (full 0):
 PSYoungGen      total 2560K, used 512K [0x000000076c800000, 0x000000076cf00000, 0x00000007c0000000)
  eden space 2048K, 0% used [0x000000076c800000,0x000000076c800000,0x000000076ca00000)
  from space 512K, 100% used [0x000000076ca00000,0x000000076ca80000,0x000000076ca80000)
  to   space 1536K, 0% used [0x000000076cd80000,0x000000076cd80000,0x000000076cf00000)
 ParOldGen       total 256512K, used 1160K [0x00000006c5800000, 0x00000006d5280000, 0x000000076c800000)
  object space 256512K, 0% used [0x00000006c5800000,0x00000006c59221a0,0x00000006d5280000)
 Metaspace       used 5982K, capacity 6222K, committed 6272K, reserved 1056768K
  class space    used 608K, capacity 637K, committed 640K, reserved 1048576K
}
Event: 0.533 GC heap before
{Heap before GC invocations=6 (full 0):
 PSYoungGen      total 2560K, used 2556K [0x000000076c800000, 0x000000076cf00000, 0x00000007c0000000)
  eden space 2048K, 99% used [0x000000076c800000,0x000000076c9ff000,0x000000076ca00000)
  from space 512K, 100% used [0x000000076ca00000,0x000000076ca80000,0x000000076ca80000)
  to   space 1536K, 0% used [0x000000076cd80000,0x000000076cd80000,0x000000076cf00000)
 ParOldGen       total 256512K, used 1160K [0x00000006c5800000, 0x00000006d5280000, 0x000000076c800000)
  object space 256512K, 0% used [0x00000006c5800000,0x00000006c59221a0,0x00000006d5280000)
 Metaspace       used 6613K, capacity 6766K, committed 6912K, reserved 1056768K
  class space    used 693K, capacity 733K, committed 768K, reserved 1048576K
Event: 0.534 GC heap after
Heap after GC invocations=6 (full 0):
 PSYoungGen      total 5632K, used 1139K [0x000000076c800000, 0x000000076cf00000, 0x00000007c0000000)
  eden space 4096K, 0% used [0x000000076c800000,0x000000076c800000,0x000000076cc00000)
  from space 1536K, 74% used [0x000000076cd80000,0x000000076ce9ccc8,0x000000076cf00000)
  to   space 1536K, 0% used [0x000000076cc00000,0x000000076cc00000,0x000000076cd80000)
 ParOldGen       total 256512K, used 1168K [0x00000006c5800000, 0x00000006d5280000, 0x000000076c800000)
  object space 256512K, 0% used [0x00000006c5800000,0x00000006c59241a0,0x00000006d5280000)
 Metaspace       used 6613K, capacity 6766K, committed 6912K, reserved 1056768K
  class space    used 693K, capacity 733K, committed 768K, reserved 1048576K
}
Event: 1498.096 GC heap before
{Heap before GC invocations=7 (full 0):
 PSYoungGen      total 5632K, used 5235K [0x000000076c800000, 0x000000076cf00000, 0x00000007c0000000)
  eden space 4096K, 100% used [0x000000076c800000,0x000000076cc00000,0x000000076cc00000)
  from space 1536K, 74% used [0x000000076cd80000,0x000000076ce9ccc8,0x000000076cf00000)
  to   space 1536K, 0% used [0x000000076cc00000,0x000000076cc00000,0x000000076cd80000)
 ParOldGen       total 256512K, used 1168K [0x00000006c5800000, 0x00000006d5280000, 0x000000076c800000)
  object space 256512K, 0% used [0x00000006c5800000,0x00000006c59241a0,0x00000006d5280000)
 Metaspace       used 7364K, capacity 7554K, committed 7808K, reserved 1056768K
  class space    used 779K, capacity 819K, committed 896K, reserved 1048576K
Event: 1498.100 GC heap after
Heap after GC invocations=7 (full 0):
 PSYoungGen      total 5632K, used 1016K [0x000000076c800000, 0x000000076d300000, 0x00000007c0000000)
  eden space 4096K, 0% used [0x000000076c800000,0x000000076c800000,0x000000076cc00000)
  from space 1536K, 66% used [0x000000076cc00000,0x000000076ccfe118,0x000000076cd80000)
  to   space 1536K, 0% used [0x000000076d180000,0x000000076d180000,0x000000076d300000)
 ParOldGen       total 256512K, used 1380K [0x00000006c5800000, 0x00000006d5280000, 0x000000076c800000)
  object space 256512K, 0% used [0x00000006c5800000,0x00000006c59591c0,0x00000006d5280000)
 Metaspace       used 7364K, capacity 7554K, committed 7808K, reserved 1056768K
  class space    used 779K, capacity 819K, committed 896K, reserved 1048576K
}
Event: 1530.755 GC heap before
{Heap before GC invocations=8 (full 0):
 PSYoungGen      total 5632K, used 5111K [0x000000076c800000, 0x000000076d300000, 0x00000007c0000000)
  eden space 4096K, 99% used [0x000000076c800000,0x000000076cbffdb0,0x000000076cc00000)
  from space 1536K, 66% used [0x000000076cc00000,0x000000076ccfe118,0x000000076cd80000)
  to   space 1536K, 0% used [0x000000076d180000,0x000000076d180000,0x000000076d300000)
 ParOldGen       total 256512K, used 1380K [0x00000006c5800000, 0x00000006d5280000, 0x000000076c800000)
  object space 256512K, 0% used [0x00000006c5800000,0x00000006c59591c0,0x00000006d5280000)
 Metaspace       used 7463K, capacity 7656K, committed 7808K, reserved 1056768K
  class space    used 788K, capacity 852K, committed 896K, reserved 1048576K
Event: 1530.757 GC heap after
Heap after GC invocations=8 (full 0):
 PSYoungGen      total 9728K, used 789K [0x000000076c800000, 0x000000076d300000, 0x00000007c0000000)
  eden space 8192K, 0% used [0x000000076c800000,0x000000076c800000,0x000000076d000000)
  from space 1536K, 51% used [0x000000076d180000,0x000000076d245778,0x000000076d300000)
  to   space 1536K, 0% used [0x000000076d000000,0x000000076d000000,0x000000076d180000)
 ParOldGen       total 256512K, used 1508K [0x00000006c5800000, 0x00000006d5280000, 0x000000076c800000)
  object space 256512K, 0% used [0x00000006c5800000,0x00000006c59791e0,0x00000006d5280000)
 Metaspace       used 7463K, capacity 7656K, committed 7808K, reserved 1056768K
  class space    used 788K, capacity 852K, committed 896K, reserved 1048576K
}

