# JRE version: Java(TM) SE Runtime Environment (8.0_11-b12) (build 1.8.0_11-b12)
# Java VM: Java HotSpot(TM) 64-Bit Server VM (25.11-b03 mixed mode linux-amd64 compressed oops)
Heap:
 PSYoungGen      total 5632K, used 2763K [0x000000076c800000, 0x000000076d300000, 0x00000007c0000000)
  eden space 4096K, 35% used [0x000000076c800000,0x000000076c9682f0,0x000000076cc00000)
  from space 1536K, 86% used [0x000000076cc00000,0x000000076cd4ac70,0x000000076cd80000)
  to   space 1536K, 0% used [0x000000076d180000,0x000000076d180000,0x000000076d300000)
 ParOldGen       total 256512K, used 1412K [0x00000006c5800000, 0x00000006d5280000, 0x000000076c800000)
  object space 256512K, 0% used [0x00000006c5800000,0x00000006c5961140,0x00000006d5280000)
 Metaspace       used 7409K, capacity 7586K, committed 7808K, reserved 1056768K
  class space    used 790K, capacity 851K, committed 896K, reserved 1048576K
GC Heap History (10 events):
Event: 0.214 GC heap before
{Heap before GC invocations=3 (full 0):
 PSYoungGen      total 1536K, used 1438K [0x000000076c800000, 0x000000076ca00000, 0x00000007c0000000)
  eden space 1024K, 92% used [0x000000076c800000,0x000000076c8ebb70,0x000000076c900000)
  from space 512K, 96% used [0x000000076c980000,0x000000076c9fc010,0x000000076ca00000)
  to   space 512K, 0% used [0x000000076c900000,0x000000076c900000,0x000000076c980000)
 ParOldGen       total 256512K, used 115K [0x00000006c5800000, 0x00000006d5280000, 0x000000076c800000)
  object space 256512K, 0% used [0x00000006c5800000,0x00000006c581cd48,0x00000006d5280000)
 Metaspace       used 3413K, capacity 4856K, committed 5120K, reserved 1056768K
  class space    used 370K, capacity 424K, committed 512K, reserved 1048576K
Event: 0.215 GC heap after
Heap after GC invocations=3 (full 0):
 PSYoungGen      total 1536K, used 511K [0x000000076c800000, 0x000000076cb00000, 0x00000007c0000000)
  eden space 1024K, 0% used [0x000000076c800000,0x000000076c800000,0x000000076c900000)
  from space 512K, 99% used [0x000000076c900000,0x000000076c97fc30,0x000000076c980000)
  to   space 512K, 0% used [0x000000076ca80000,0x000000076ca80000,0x000000076cb00000)
 ParOldGen       total 256512K, used 392K [0x00000006c5800000, 0x00000006d5280000, 0x000000076c800000)
  object space 256512K, 0% used [0x00000006c5800000,0x00000006c5862268,0x00000006d5280000)
 Metaspace       used 3413K, capacity 4856K, committed 5120K, reserved 1056768K
  class space    used 370K, capacity 424K, committed 512K, reserved 1048576K
}
Event: 0.282 GC heap before
{Heap before GC invocations=4 (full 0):
 PSYoungGen      total 1536K, used 1535K [0x000000076c800000, 0x000000076cb00000, 0x00000007c0000000)
  eden space 1024K, 100% used [0x000000076c800000,0x000000076c900000,0x000000076c900000)
  from space 512K, 99% used [0x000000076c900000,0x000000076c97fc30,0x000000076c980000)
  to   space 512K, 0% used [0x000000076ca80000,0x000000076ca80000,0x000000076cb00000)
 ParOldGen       total 256512K, used 392K [0x00000006c5800000, 0x00000006d5280000, 0x000000076c800000)
  object space 256512K, 0% used [0x00000006c5800000,0x00000006c5862268,0x00000006d5280000)
 Metaspace       used 4221K, capacity 5656K, committed 5888K, reserved 1056768K
  class space    used 392K, capacity 456K, committed 512K, reserved 1048576K
Event: 0.283 GC heap after
Heap after GC invocations=4 (full 0):
 PSYoungGen      total 2560K, used 480K [0x000000076c800000, 0x000000076cb00000, 0x00000007c0000000)
  eden space 2048K, 0% used [0x000000076c800000,0x000000076c800000,0x000000076ca00000)
  from space 512K, 93% used [0x000000076ca80000,0x000000076caf8020,0x000000076cb00000)
  to   space 512K, 0% used [0x000000076ca00000,0x000000076ca00000,0x000000076ca80000)
 ParOldGen       total 256512K, used 564K [0x00000006c5800000, 0x00000006d5280000, 0x000000076c800000)
  object space 256512K, 0% used [0x00000006c5800000,0x00000006c588d068,0x00000006d5280000)
 Metaspace       used 4221K, capacity 5656K, committed 5888K, reserved 1056768K
  class space    used 392K, capacity 456K, committed 512K, reserved 1048576K
}
Event: 0.492 GC heap before
{Heap before GC invocations=5 (full 0):
 PSYoungGen      total 2560K, used 2528K [0x000000076c800000, 0x000000076cb00000, 0x00000007c0000000)
  eden space 2048K, 100% used [0x000000076c800000,0x000000076ca00000,0x000000076ca00000)
  from space 512K, 93% used [0x000000076ca80000,0x000000076caf8020,0x000000076cb00000)
  to   space 512K, 0% used [0x000000076ca00000,0x000000076ca00000,0x000000076ca80000)
 ParOldGen       total 256512K, used 564K [0x00000006c5800000, 0x00000006d5280000, 0x000000076c800000)
  object space 256512K, 0% used [0x00000006c5800000,0x00000006c588d068,0x00000006d5280000)
 Metaspace       used 5982K, capacity 6222K, committed 6272K, reserved 1056768K
  class space    used 608K, capacity 637K, committed 640K, reserved 1048576K
Event: 0.493 GC heap after
Heap after GC invocations=5 (full 0):
 PSYoungGen      total 2560K, used 480K [0x000000076c800000, 0x000000076cf00000, 0x00000007c0000000)
  eden space 2048K, 0% used [0x000000076c800000,0x000000076c800000,0x000000076ca00000)
  from space 512K, 93% used [0x000000076ca00000,0x000000076ca78020,0x000000076ca80000)
  to   space 1536K, 0% used [0x000000076cd80000,0x000000076cd80000,0x000000076cf00000)
 ParOldGen       total 256512K, used 1172K [0x00000006c5800000, 0x00000006d5280000, 0x000000076c800000)
  object space 256512K, 0% used [0x00000006c5800000,0x00000006c59250f0,0x00000006d5280000)
 Metaspace       used 5982K, capacity 6222K, committed 6272K, reserved 1056768K
  class space    used 608K, capacity 637K, committed 640K, reserved 1048576K
}
Event: 0.539 GC heap before
{Heap before GC invocations=6 (full 0):
 PSYoungGen      total 2560K, used 2521K [0x000000076c800000, 0x000000076cf00000, 0x00000007c0000000)
  eden space 2048K, 99% used [0x000000076c800000,0x000000076c9fe598,0x000000076ca00000)
  from space 512K, 93% used [0x000000076ca00000,0x000000076ca78020,0x000000076ca80000)
  to   space 1536K, 0% used [0x000000076cd80000,0x000000076cd80000,0x000000076cf00000)
 ParOldGen       total 256512K, used 1172K [0x00000006c5800000, 0x00000006d5280000, 0x000000076c800000)
  object space 256512K, 0% used [0x00000006c5800000,0x00000006c59250f0,0x00000006d5280000)
 Metaspace       used 6614K, capacity 6766K, committed 6912K, reserved 1056768K
  class space    used 693K, capacity 733K, committed 768K, reserved 1048576K
Event: 0.540 GC heap after
Heap after GC invocations=6 (full 0):
 PSYoungGen      total 5632K, used 1025K [0x000000076c800000, 0x000000076cf00000, 0x00000007c0000000)
  eden space 4096K, 0% used [0x000000076c800000,0x000000076c800000,0x000000076cc00000)
  from space 1536K, 66% used [0x000000076cd80000,0x000000076ce807f8,0x000000076cf00000)
  to   space 1536K, 0% used [0x000000076cc00000,0x000000076cc00000,0x000000076cd80000)
 ParOldGen       total 256512K, used 1180K [0x00000006c5800000, 0x00000006d5280000, 0x000000076c800000)
  object space 256512K, 0% used [0x00000006c5800000,0x00000006c59270f0,0x00000006d5280000)
 Metaspace       used 6614K, capacity 6766K, committed 6912K, reserved 1056768K
  class space    used 693K, capacity 733K, committed 768K, reserved 1048576K
}
Event: 55.350 GC heap before
{Heap before GC invocations=7 (full 0):
 PSYoungGen      total 5632K, used 5121K [0x000000076c800000, 0x000000076cf00000, 0x00000007c0000000)
  eden space 4096K, 100% used [0x000000076c800000,0x000000076cc00000,0x000000076cc00000)
  from space 1536K, 66% used [0x000000076cd80000,0x000000076ce807f8,0x000000076cf00000)
  to   space 1536K, 0% used [0x000000076cc00000,0x000000076cc00000,0x000000076cd80000)
 ParOldGen       total 256512K, used 1180K [0x00000006c5800000, 0x00000006d5280000, 0x000000076c800000)
  object space 256512K, 0% used [0x00000006c5800000,0x00000006c59270f0,0x00000006d5280000)
 Metaspace       used 7085K, capacity 7242K, committed 7552K, reserved 1056768K
  class space    used 745K, capacity 783K, committed 896K, reserved 1048576K
Event: 55.352 GC heap after
Heap after GC invocations=7 (full 0):
 PSYoungGen      total 5632K, used 1323K [0x000000076c800000, 0x000000076d300000, 0x00000007c0000000)
  eden space 4096K, 0% used [0x000000076c800000,0x000000076c800000,0x000000076cc00000)
  from space 1536K, 86% used [0x000000076cc00000,0x000000076cd4ac70,0x000000076cd80000)
  to   space 1536K, 0% used [0x000000076d180000,0x000000076d180000,0x000000076d300000)
 ParOldGen       total 256512K, used 1412K [0x00000006c5800000, 0x00000006d5280000, 0x000000076c800000)
  object space 256512K, 0% used [0x00000006c5800000,0x00000006c5961140,0x00000006d5280000)
 Metaspace       used 7085K, capacity 7242K, committed 7552K, reserved 1056768K
  class space    used 745K, capacity 783K, committed 896K, reserved 1048576K
}

